Content-Type: multipart/alternative;
 boundary="===============6859617298480910363=="
MIME-Version: 1.0
Subject: Profile activation
From: test@example.com
To: u2@gmail.com
Date: Wed, 18 Nov 2020 06:55:17 -0000
Message-ID: <160568251741.41963.3720301228433063903@nikhil>

--===============6859617298480910363==
Content-Type: text/plain; charset="utf-8"
MIME-Version: 1.0
Content-Transfer-Encoding: 7bit



To activate your profile, please follow this link:

http://localhost:8000/accounts/activate/sDCZbcKdOx0Jr4rfjyLQ/

--===============6859617298480910363==
Content-Type: text/html; charset="utf-8"
MIME-Version: 1.0
Content-Transfer-Encoding: 7bit



<!DOCTYPE html PUBLIC "-//W3C//DTD XHTML 1.0 Transitional//EN"
        "http://www.w3.org/TR/xhtml1/DTD/xhtml1-transitional.dtd">
<html xmlns="http://www.w3.org/1999/xhtml">
<head>
    <meta http-equiv="Content-Type" content="text/html; charset=UTF-8"/>
    <title>Profile activation</title>
    <meta name="viewport" content="width=device-width, initial-scale=1.0"/>
</head>

<body>

<p>
    To activate your profile, please follow this link:
</p>

<p>
    <a href="http://localhost:8000/accounts/activate/sDCZbcKdOx0Jr4rfjyLQ/">http://localhost:8000/accounts/activate/sDCZbcKdOx0Jr4rfjyLQ/</a>
</p>

</body>

</html>

--===============6859617298480910363==--

-------------------------------------------------------------------------------
