Content-Type: multipart/alternative;
 boundary="===============7267135284043570837=="
MIME-Version: 1.0
Subject: Profile activation
From: test@example.com
To: u1@gmail.com
Date: Wed, 18 Nov 2020 06:51:58 -0000
Message-ID: <160568231812.41868.4142842227141054764@nikhil>

--===============7267135284043570837==
Content-Type: text/plain; charset="utf-8"
MIME-Version: 1.0
Content-Transfer-Encoding: 7bit



To activate your profile, please follow this link:

http://localhost:8000/accounts/activate/swJwHU9zW4ZDhx2iBXMG/

--===============7267135284043570837==
Content-Type: text/html; charset="utf-8"
MIME-Version: 1.0
Content-Transfer-Encoding: 7bit



<!DOCTYPE html PUBLIC "-//W3C//DTD XHTML 1.0 Transitional//EN"
        "http://www.w3.org/TR/xhtml1/DTD/xhtml1-transitional.dtd">
<html xmlns="http://www.w3.org/1999/xhtml">
<head>
    <meta http-equiv="Content-Type" content="text/html; charset=UTF-8"/>
    <title>Profile activation</title>
    <meta name="viewport" content="width=device-width, initial-scale=1.0"/>
</head>

<body>

<p>
    To activate your profile, please follow this link:
</p>

<p>
    <a href="http://localhost:8000/accounts/activate/swJwHU9zW4ZDhx2iBXMG/">http://localhost:8000/accounts/activate/swJwHU9zW4ZDhx2iBXMG/</a>
</p>

</body>

</html>

--===============7267135284043570837==--

-------------------------------------------------------------------------------
